2025-10-24 12:00:51 INFO: heartbeat 2412
2025-10-24 12:00:51 INFO: heartbeat 8498
2025-10-24 12:00:20 INFO: heartbeat 2996
2025-10-24 12:00:57 INFO: heartbeat 7561
2025-10-24 12:00:43 INFO: heartbeat 7931
2025-10-24 12:00:20 INFO: heartbeat 8454
2025-10-24 12:00:58 SERVICE: recv {"id":791, "data": "Y2t9"}
2025-10-24 12:00:49 SERVICE: recv {"id":713, "data": "M2s3Nw=="}
2025-10-24 12:00:38 INFO: heartbeat 8736
2025-10-24 12:00:34 INFO: heartbeat 8848
2025-10-24 12:00:35 INFO: heartbeat 7952
2025-10-24 12:00:25 INFO: heartbeat 2802
2025-10-24 12:00:48 INFO: heartbeat 3381
2025-10-24 12:00:49 INFO: heartbeat 9954
2025-10-24 12:00:21 INFO: heartbeat 9367
2025-10-24 12:00:11 INFO: heartbeat 4236
2025-10-24 12:00:57 INFO: heartbeat 1883
2025-10-24 12:00:10 INFO: heartbeat 299
2025-10-24 12:00:40 SERVICE: recv {"id":955, "data": "a3dicQ=="}
2025-10-24 12:00:53 INFO: heartbeat 165
2025-10-24 12:00:36 INFO: heartbeat 2102
2025-10-24 12:00:16 SERVICE: recv {"id":966, "data": "Rnt5eg=="}
2025-10-24 12:00:55 INFO: heartbeat 2458
2025-10-24 12:00:49 INFO: heartbeat 9516
2025-10-24 12:00:53 SERVICE: recv {"id":652, "data": "d2ppdw=="}
2025-10-24 12:00:10 INFO: heartbeat 9934
2025-10-24 12:00:13 INFO: heartbeat 66
2025-10-24 12:00:31 INFO: heartbeat 5078
2025-10-24 12:00:17 INFO: heartbeat 9415
2025-10-24 12:00:58 INFO: heartbeat 695
2025-10-24 12:00:50 INFO: heartbeat 9945
2025-10-24 12:00:41 INFO: heartbeat 3774
2025-10-24 12:00:18 INFO: heartbeat 5663
2025-10-24 12:00:21 INFO: heartbeat 5451
2025-10-24 12:00:26 INFO: heartbeat 4780
2025-10-24 12:00:23 INFO: heartbeat 1680
2025-10-24 12:00:39 INFO: heartbeat 6956
2025-10-24 12:00:18 INFO: heartbeat 8256
2025-10-24 12:00:21 INFO: heartbeat 2352
2025-10-24 12:00:25 INFO: heartbeat 2115
2025-10-24 12:00:29 INFO: heartbeat 7942
2025-10-24 12:00:14 INFO: heartbeat 4870
2025-10-24 12:00:36 INFO: heartbeat 7895
2025-10-24 12:00:59 INFO: heartbeat 7363
2025-10-24 12:00:59 INFO: heartbeat 976
2025-10-24 12:00:19 SERVICE: recv {"id":707, "data": "cGFhdg=="}
2025-10-24 12:00:39 INFO: heartbeat 6062
2025-10-24 12:00:14 INFO: heartbeat 1965
2025-10-24 12:00:23 INFO: heartbeat 3825
2025-10-24 12:00:21 INFO: heartbeat 4395
2025-10-24 12:00:18 INFO: heartbeat 3768
2025-10-24 12:00:44 INFO: heartbeat 7257
2025-10-24 12:00:16 INFO: heartbeat 280
2025-10-24 12:00:18 INFO: heartbeat 5659
2025-10-24 12:00:59 INFO: heartbeat 166
2025-10-24 12:00:39 SERVICE: recv {"id":493, "data": "YWlDVA=="}
2025-10-24 12:00:54 INFO: heartbeat 7542
2025-10-24 12:00:53 INFO: heartbeat 1486
2025-10-24 12:00:41 INFO: heartbeat 5255
2025-10-24 12:00:28 INFO: heartbeat 4391
2025-10-24 12:00:20 INFO: heartbeat 5532
2025-10-24 12:00:42 INFO: heartbeat 9575
2025-10-24 12:00:55 INFO: heartbeat 3538
2025-10-24 12:00:47 INFO: heartbeat 1098
2025-10-24 12:00:59 INFO: heartbeat 8702
2025-10-24 12:00:46 INFO: heartbeat 5729
2025-10-24 12:00:46 INFO: heartbeat 2164
2025-10-24 12:00:11 INFO: heartbeat 6341
2025-10-24 12:00:54 INFO: heartbeat 8598
2025-10-24 12:00:11 INFO: heartbeat 5155
2025-10-24 12:00:25 INFO: heartbeat 3076
2025-10-24 12:00:36 INFO: heartbeat 7787
2025-10-24 12:00:25 INFO: heartbeat 3846
2025-10-24 12:00:39 INFO: heartbeat 8405
2025-10-24 12:00:38 INFO: heartbeat 9864
2025-10-24 12:00:31 INFO: heartbeat 1862
2025-10-24 12:00:58 INFO: heartbeat 7569
2025-10-24 12:00:48 INFO: heartbeat 9366
2025-10-24 12:00:35 INFO: heartbeat 8485
2025-10-24 12:00:43 INFO: heartbeat 8145
2025-10-24 12:00:10 INFO: heartbeat 1724
2025-10-24 12:00:53 INFO: heartbeat 4200
2025-10-24 12:00:50 INFO: heartbeat 2867
2025-10-24 12:00:17 INFO: heartbeat 7654
2025-10-24 12:00:27 INFO: heartbeat 2408
2025-10-24 12:00:38 INFO: heartbeat 4808
2025-10-24 12:00:50 INFO: heartbeat 5810
2025-10-24 12:00:24 INFO: heartbeat 8388
2025-10-24 12:00:50 INFO: heartbeat 869
2025-10-24 12:00:24 INFO: heartbeat 7798
2025-10-24 12:00:48 INFO: heartbeat 3174
2025-10-24 12:00:54 INFO: heartbeat 7568
2025-10-24 12:00:44 INFO: heartbeat 922
2025-10-24 12:00:52 INFO: heartbeat 5850
2025-10-24 12:00:36 INFO: heartbeat 7131
2025-10-24 12:00:14 INFO: heartbeat 5638
2025-10-24 12:00:30 INFO: heartbeat 4580
2025-10-24 12:00:49 INFO: heartbeat 2249
2025-10-24 12:00:17 INFO: heartbeat 5849
2025-10-24 12:00:37 INFO: heartbeat 346
2025-10-24 12:00:14 INFO: heartbeat 7121
2025-10-24 12:00:10 INFO: heartbeat 1938
2025-10-24 12:00:56 INFO: heartbeat 2854
2025-10-24 12:00:17 INFO: heartbeat 1539
2025-10-24 12:00:49 INFO: heartbeat 2125
2025-10-24 12:00:22 INFO: heartbeat 993
2025-10-24 12:00:22 INFO: heartbeat 623
2025-10-24 12:00:45 INFO: heartbeat 419
2025-10-24 12:00:22 INFO: heartbeat 4458
2025-10-24 12:00:10 INFO: heartbeat 3827
2025-10-24 12:00:37 INFO: heartbeat 300
2025-10-24 12:00:23 INFO: heartbeat 6400
2025-10-24 12:00:20 INFO: heartbeat 220
2025-10-24 12:00:27 INFO: heartbeat 666
2025-10-24 12:00:58 INFO: heartbeat 1648
2025-10-24 12:00:14 INFO: heartbeat 6560
2025-10-24 12:00:27 INFO: heartbeat 5983
2025-10-24 12:00:37 INFO: heartbeat 3206
2025-10-24 12:00:30 INFO: heartbeat 4267
2025-10-24 12:00:56 INFO: heartbeat 6988
2025-10-24 12:00:26 INFO: heartbeat 548
2025-10-24 12:00:57 INFO: heartbeat 3154
2025-10-24 12:00:19 INFO: heartbeat 9486
2025-10-24 12:00:58 INFO: heartbeat 9640
2025-10-24 12:00:30 INFO: heartbeat 6195
2025-10-24 12:00:39 INFO: heartbeat 3170
2025-10-24 12:00:13 INFO: heartbeat 3218
2025-10-24 12:00:44 INFO: heartbeat 4585
2025-10-24 12:00:18 INFO: heartbeat 1281
2025-10-24 12:00:56 INFO: heartbeat 458
2025-10-24 12:00:48 INFO: heartbeat 875
2025-10-24 12:00:15 INFO: heartbeat 1963
2025-10-24 12:00:12 INFO: heartbeat 5655
2025-10-24 12:00:31 INFO: heartbeat 2143
2025-10-24 12:00:37 INFO: heartbeat 9555
2025-10-24 12:00:36 INFO: heartbeat 2001
2025-10-24 12:00:50 INFO: heartbeat 894
2025-10-24 12:00:14 INFO: heartbeat 1487
2025-10-24 12:00:37 INFO: heartbeat 4806
2025-10-24 12:00:45 INFO: heartbeat 385
2025-10-24 12:00:23 INFO: heartbeat 222
2025-10-24 12:00:33 INFO: heartbeat 5998
2025-10-24 12:00:14 INFO: heartbeat 7188
2025-10-24 12:00:39 INFO: heartbeat 6557
2025-10-24 12:00:37 INFO: heartbeat 9185
2025-10-24 12:00:22 INFO: heartbeat 6003
2025-10-24 12:00:26 INFO: heartbeat 8759
2025-10-24 12:00:26 INFO: heartbeat 2001
2025-10-24 12:00:32 INFO: heartbeat 2853
2025-10-24 12:00:40 INFO: heartbeat 2008
2025-10-24 12:00:52 INFO: heartbeat 518
2025-10-24 12:00:39 INFO: heartbeat 2470
2025-10-24 12:00:21 INFO: heartbeat 3894
2025-10-24 12:00:29 INFO: heartbeat 3653
2025-10-24 12:00:48 INFO: heartbeat 9194
2025-10-24 12:00:11 INFO: heartbeat 2215
2025-10-24 12:00:38 INFO: heartbeat 7232
2025-10-24 12:00:41 INFO: heartbeat 1866
2025-10-24 12:00:28 INFO: heartbeat 1630
2025-10-24 12:00:10 INFO: heartbeat 3153
2025-10-24 12:00:37 INFO: heartbeat 5143
2025-10-24 12:00:46 INFO: heartbeat 2051
2025-10-24 12:00:34 INFO: heartbeat 2634
2025-10-24 12:00:23 INFO: heartbeat 7490
2025-10-24 12:00:18 INFO: heartbeat 4491
2025-10-24 12:00:30 INFO: heartbeat 6492
2025-10-24 12:00:17 INFO: heartbeat 2791
2025-10-24 12:00:53 INFO: heartbeat 4329
2025-10-24 12:00:21 INFO: heartbeat 8980
2025-10-24 12:00:34 INFO: heartbeat 2500
2025-10-24 12:00:30 INFO: heartbeat 6712
2025-10-24 12:00:57 INFO: heartbeat 1180
2025-10-24 12:00:15 INFO: heartbeat 4788
2025-10-24 12:00:42 INFO: heartbeat 3057
2025-10-24 12:00:54 INFO: heartbeat 8963
2025-10-24 12:00:31 INFO: heartbeat 911
2025-10-24 12:00:14 INFO: heartbeat 7089
2025-10-24 12:00:32 INFO: heartbeat 5319
2025-10-24 12:00:35 INFO: heartbeat 8477
2025-10-24 12:00:19 INFO: heartbeat 5539
2025-10-24 12:00:30 INFO: heartbeat 6688
2025-10-24 12:00:24 INFO: heartbeat 8637
2025-10-24 12:00:37 INFO: heartbeat 4555
2025-10-24 12:00:32 INFO: heartbeat 7536
2025-10-24 12:00:21 INFO: heartbeat 1310
2025-10-24 12:00:41 INFO: heartbeat 7094
2025-10-24 12:00:41 INFO: heartbeat 5818
2025-10-24 12:00:53 INFO: heartbeat 3785
2025-10-24 12:00:32 INFO: heartbeat 6579
2025-10-24 12:00:26 INFO: heartbeat 9693
2025-10-24 12:00:40 INFO: heartbeat 7030
2025-10-24 12:00:21 INFO: heartbeat 6497
2025-10-24 12:00:24 INFO: heartbeat 594
2025-10-24 12:00:32 INFO: heartbeat 6618
2025-10-24 12:00:28 INFO: heartbeat 3357
2025-10-24 12:00:34 INFO: heartbeat 1454
2025-10-24 12:00:57 INFO: heartbeat 1054
2025-10-24 12:00:31 INFO: heartbeat 9586
2025-10-24 12:00:53 INFO: heartbeat 6683
2025-10-24 12:00:39 INFO: heartbeat 2131
